<?xml version="1.0" encoding="UTF-8"?>
<!-- Generated by org.testng.reporters.JUnitXMLReporter -->
<testsuite ignored="0" hostname="DESKTOP-3KLOV8D" failures="0" tests="1" name="EdgeTest" time="0.081" errors="0" timestamp="2026-05-25T18:10:10 IST">
  <testcase classname="testBase.BaseClass" name="@BeforeClass setup" time="0.016">
    <failure type="java.lang.Error" message="Unresolved compilation problem: 
	browser cannot be resolved to a variable
">
      <![CDATA[java.lang.Error: Unresolved compilation problem: 
browser cannot be resolved to a variable

at testBase.BaseClass.setup(BaseClass.java:55)
at java.base/java.util.ArrayList.forEach(ArrayList.java:1596)
at java.base/java.util.concurrent.FutureTask.run(FutureTask.java:317)
at java.base/java.util.concurrent.ThreadPoolExecutor.runWorker(ThreadPoolExecutor.java:1144)
at java.base/java.util.concurrent.ThreadPoolExecutor$Worker.run(ThreadPoolExecutor.java:642)
at java.base/java.lang.Thread.run(Thread.java:1583)
... Removed 13 stack frames]]>
    </failure>
  </testcase> <!-- @BeforeClass setup -->
  <testcase classname="testBase.BaseClass" name="@AfterClass tearDown" time="0.0">
    <skipped/>
  </testcase> <!-- @AfterClass tearDown -->
  <testcase classname="testCases.TC001_AccountRegistrationTest" name="verifyAccountRegistration" time="0.001">
    <skipped/>
  </testcase> <!-- verifyAccountRegistration -->
</testsuite> <!-- EdgeTest -->
