<?xml version="1.0" encoding="UTF-8"?>
<!-- Generated by org.testng.reporters.JUnitXMLReporter -->
<testsuite ignored="1" hostname="DESKTOP-3KLOV8D" failures="1" tests="2" name="Test" time="18.738" errors="0" timestamp="2026-05-25T15:22:42 IST">
  <testcase classname="testCases.TC001_AccountRegistrationTest" name="verifyAccountRegistration" time="2.014"/>
  <testcase classname="testCases.TC002_LoginTest" name="validateLogin" time="10.534">
    <failure type="java.lang.AssertionError" message="expected [true] but found [false]">
      <![CDATA[java.lang.AssertionError: expected [true] but found [false]
at testCases.TC002_LoginTest.validateLogin(TC002_LoginTest.java:43)
at java.base/java.util.ArrayList.forEach(ArrayList.java:1596)
... Removed 29 stack frames]]>
    </failure>
  </testcase> <!-- validateLogin -->
  <testcase classname="testCases.TC003_LoginDDT" name="loginDataDriven" time="0.0">
    <ignored/>
  </testcase> <!-- loginDataDriven -->
</testsuite> <!-- Test -->
